#
# There is insufficient memory for the Java Runtime Environment to continue.
# Native memory allocation (malloc) failed to allocate 1156176 bytes for Chunk::new
# Possible reasons:
#   The system is out of physical RAM or swap space
#   The process is running with CompressedOops enabled, and the Java Heap may be blocking the growth of the native heap
# Possible solutions:
#   Reduce memory load on the system
#   Increase physical memory or swap space
#   Check if swap backing store is full
#   Decrease Java heap size (-Xmx/-Xms)
#   Decrease number of Java threads
#   Decrease Java thread stack sizes (-Xss)
#   Set larger code cache with -XX:ReservedCodeCacheSize=
#   JVM is running with Unscaled Compressed Oops mode in which the Java heap is
#     placed in the first 4GB address space. The Java Heap base address is the
#     maximum limit for the native heap growth. Please use -XX:HeapBaseMinAddress
#     to set the Java Heap base and to place the Java Heap above 4GB virtual address.
# This output file may be truncated or incomplete.
#
#  Out of Memory Error (allocation.cpp:389), pid=3484, tid=0x0000000000001408
#
# JRE version: OpenJDK Runtime Environment (8.0_212-b04) (build 1.8.0_212-release-1586-b04)
# Java VM: OpenJDK 64-Bit Server VM (25.212-b04 mixed mode windows-amd64 compressed oops)
# Failed to write core dump. Minidumps are not enabled by default on client versions of Windows
#

---------------  T H R E A D  ---------------

Current thread (0x00000000166a1800):  JavaThread "C2 CompilerThread0" daemon [_thread_in_native, id=5128, stack(0x0000000017d00000,0x0000000017e00000)]

Stack: [0x0000000017d00000,0x0000000017e00000]
[error occurred during error reporting (printing stack bounds), id 0xc0000005]

Native frames: (J=compiled Java code, j=interpreted, Vv=VM code, C=native code)


Current CompileTask:
C2:2142780 20509   !   4       org.gradle.internal.resources.DefaultResourceLockCoordinationService$DefaultResourceLockState::releaseLocks (76 bytes)


---------------  P R O C E S S  ---------------

Java Threads: ( => current thread )
  0x000000001f934800 JavaThread "stdout" [_thread_in_native, id=12164, stack(0x000000003bcf0000,0x000000003bdf0000)]
  0x000000001f939800 JavaThread "stderr" [_thread_in_native, id=6496, stack(0x000000003bbf0000,0x000000003bcf0000)]
  0x000000001f934000 JavaThread "stdout" [_thread_in_native, id=10840, stack(0x000000003baf0000,0x000000003bbf0000)]
  0x000000001f93b000 JavaThread "stderr" [_thread_in_native, id=8180, stack(0x000000003b9f0000,0x000000003baf0000)]
  0x000000001f92c800 JavaThread "stdout" [_thread_in_native, id=2016, stack(0x000000003b8f0000,0x000000003b9f0000)]
  0x000000001f933000 JavaThread "stderr" [_thread_in_native, id=3236, stack(0x000000003b7f0000,0x000000003b8f0000)]
  0x000000001f92b800 JavaThread "stdout" [_thread_in_native, id=2728, stack(0x000000003b6f0000,0x000000003b7f0000)]
  0x000000001f92e000 JavaThread "stderr" [_thread_in_native, id=2460, stack(0x000000003b5f0000,0x000000003b6f0000)]
  0x000000001f931800 JavaThread "pool-22-thread-1" [_thread_blocked, id=1308, stack(0x000000003b4f0000,0x000000003b5f0000)]
  0x0000000019281000 JavaThread "MarlinRenderer Disposer" daemon [_thread_blocked, id=9944, stack(0x000000003b3f0000,0x000000003b4f0000)]
  0x0000000019288000 JavaThread "Java2D Disposer" daemon [_thread_blocked, id=11004, stack(0x000000003b2f0000,0x000000003b3f0000)]
  0x0000000019285000 JavaThread "WorkerExecutor Queue Thread 5" [_thread_blocked, id=8188, stack(0x000000003b1f0000,0x000000003b2f0000)]
  0x0000000019284000 JavaThread "WorkerExecutor Queue Thread 4" [_thread_blocked, id=9540, stack(0x000000003b0f0000,0x000000003b1f0000)]
  0x0000000019279000 JavaThread "WorkerExecutor Queue Thread 2" [_thread_blocked, id=10128, stack(0x000000003aef0000,0x000000003aff0000)]
  0x000000001927b000 JavaThread "WorkerExecutor Queue" [_thread_blocked, id=3004, stack(0x000000003adf0000,0x000000003aef0000)]
  0x000000001927f800 JavaThread "Cache worker for execution history cache (C:\Users\basker\Desktop\KitchenHub\.gradle\5.6.4\executionHistory)" [_thread_blocked, id=9724, stack(0x000000003acf0000,0x000000003adf0000)]
  0x000000001927f000 JavaThread "Execution worker for ':' Thread 3" [_thread_in_native, id=8472, stack(0x000000003abf0000,0x000000003acf0000)]
  0x000000001927e000 JavaThread "Execution worker for ':' Thread 2" [_thread_blocked, id=11912, stack(0x000000003aaf0000,0x000000003abf0000)]
  0x000000001927d800 JavaThread "Execution worker for ':'" [_thread_blocked, id=2352, stack(0x000000003a9f0000,0x000000003aaf0000)]
  0x000000001927c800 JavaThread "Cache worker for file content cache (C:\Users\basker\Desktop\KitchenHub\.gradle\5.6.4\fileContent)" [_thread_blocked, id=11892, stack(0x000000003a8f0000,0x000000003a9f0000)]
  0x0000000021723800 JavaThread "Cache worker for Build Output Cleanup Cache (C:\Users\basker\Desktop\KitchenHub\.gradle\buildOutputCleanup)" [_thread_blocked, id=4208, stack(0x000000003a7f0000,0x000000003a8f0000)]
  0x0000000021722800 JavaThread "Build operations Thread 4" [_thread_blocked, id=9280, stack(0x000000003a6f0000,0x000000003a7f0000)]
  0x0000000021721000 JavaThread "Build operations Thread 3" [_thread_blocked, id=4272, stack(0x000000003a5f0000,0x000000003a6f0000)]
  0x0000000021720800 JavaThread "Build operations Thread 2" [_thread_blocked, id=7920, stack(0x000000003a4f0000,0x000000003a5f0000)]
  0x000000002171f000 JavaThread "Build operations" [_thread_blocked, id=4324, stack(0x000000003a3f0000,0x000000003a4f0000)]
  0x0000000021716800 JavaThread "Cache worker for cache directory md-rule (C:\Users\basker\.gradle\caches\5.6.4\md-rule)" [_thread_blocked, id=7392, stack(0x000000003a2f0000,0x000000003a3f0000)]
  0x000000002171d800 JavaThread "Cache worker for cache directory md-supplier (C:\Users\basker\.gradle\caches\5.6.4\md-supplier)" [_thread_blocked, id=1716, stack(0x000000003a1f0000,0x000000003a2f0000)]
  0x000000002171c800 JavaThread "Cache worker for file hash cache (C:\Users\basker\Desktop\KitchenHub\.gradle\5.6.4\fileHashes)" [_thread_blocked, id=2436, stack(0x000000003a0f0000,0x000000003a1f0000)]
  0x0000000021715800 JavaThread "Thread-225" [_thread_blocked, id=11724, stack(0x0000000039ff0000,0x000000003a0f0000)]
  0x000000002171b800 JavaThread "Stdin handler" [_thread_blocked, id=10068, stack(0x0000000039ef0000,0x0000000039ff0000)]
  0x0000000021719800 JavaThread "Asynchronous log dispatcher for DefaultDaemonConnection: socket connection from /127.0.0.1:60611 to /127.0.0.1:60863" [_thread_blocked, id=7572, stack(0x0000000039df0000,0x0000000039ef0000)]
  0x000000002171a000 JavaThread "Cancel handler" [_thread_blocked, id=8248, stack(0x0000000039cf0000,0x0000000039df0000)]
  0x0000000021717000 JavaThread "Handler for socket connection from /127.0.0.1:60611 to /127.0.0.1:60863" [_thread_in_native, id=6088, stack(0x0000000039bf0000,0x0000000039cf0000)]
  0x000000001f930000 JavaThread "Daemon worker Thread 6" [_thread_in_native, id=208, stack(0x00000000357f0000,0x00000000358f0000)]
  0x000000001f932800 JavaThread "Daemon Thread 6" [_thread_blocked, id=8812, stack(0x00000000354f0000,0x00000000355f0000)]
  0x000000001f92f800 JavaThread "Cache worker for Java compile cache (C:\Users\basker\.gradle\caches\5.6.4\javaCompile)" [_thread_blocked, id=7036, stack(0x00000000264d0000,0x00000000265d0000)]
  0x0000000019280800 JavaThread "Cache worker for file content cache (C:\Users\basker\.gradle\caches\5.6.4\fileContent)" [_thread_blocked, id=6400, stack(0x00000000234c0000,0x00000000235c0000)]
  0x0000000019282800 JavaThread "Memory manager" [_thread_blocked, id=10668, stack(0x00000000233c0000,0x00000000234c0000)]
  0x000000001927c000 JavaThread "Cache worker for execution history cache (C:\Users\basker\.gradle\caches\5.6.4\executionHistory)" [_thread_blocked, id=9756, stack(0x000000001f760000,0x000000001f860000)]
  0x0000000018c13800 JavaThread "Cache worker for journal cache (C:\Users\basker\.gradle\caches\journal-1)" [_thread_blocked, id=2980, stack(0x000000001c420000,0x000000001c520000)]
  0x0000000018c1a000 JavaThread "File lock request listener" [_thread_in_native, id=8656, stack(0x000000001c320000,0x000000001c420000)]
  0x0000000018c15800 JavaThread "Cache worker for file hash cache (C:\Users\basker\.gradle\caches\5.6.4\fileHashes)" [_thread_blocked, id=10736, stack(0x000000001c220000,0x000000001c320000)]
  0x0000000019ed6800 JavaThread "Daemon periodic checks" [_thread_blocked, id=6696, stack(0x000000001b620000,0x000000001b720000)]
  0x0000000019ed5800 JavaThread "Incoming local TCP Connector on port 60611" [_thread_in_native, id=584, stack(0x000000001b3e0000,0x000000001b4e0000)]
  0x0000000019e19000 JavaThread "Daemon health stats" [_thread_blocked, id=7980, stack(0x000000001ada0000,0x000000001aea0000)]
  0x00000000166e8000 JavaThread "Service Thread" daemon [_thread_blocked, id=4184, stack(0x0000000018000000,0x0000000018100000)]
  0x00000000166a9800 JavaThread "C1 CompilerThread2" daemon [_thread_blocked, id=8936, stack(0x0000000017f00000,0x0000000018000000)]
  0x00000000166a5000 JavaThread "C2 CompilerThread1" daemon [_thread_blocked, id=3740, stack(0x0000000017e00000,0x0000000017f00000)]
=>0x00000000166a1800 JavaThread "C2 CompilerThread0" daemon [_thread_in_native, id=5128, stack(0x0000000017d00000,0x0000000017e00000)]
  0x000000001669c000 JavaThread "Attach Listener" daemon [_thread_blocked, id=7840, stack(0x0000000017c00000,0x0000000017d00000)]
  0x0000000016699000 JavaThread "Signal Dispatcher" daemon [_thread_blocked, id=11948, stack(0x0000000017b00000,0x0000000017c00000)]
  0x0000000002d2b800 JavaThread "Finalizer" daemon [_thread_blocked, id=9996, stack(0x0000000017900000,0x0000000017a00000)]
  0x0000000016689000 JavaThread "Reference Handler" daemon [_thread_blocked, id=8336, stack(0x0000000017800000,0x0000000017900000)]
  0x000000000123e000 JavaThread "main" [_thread_blocked, id=860, stack(0x0000000002a60000,0x0000000002b60000)]

Other Threads:
  0x0000000016666800 VMThread [stack: 0x0000000017700000,0x0000000017800000] [id=4968]
  0x00000000166e9800 WatcherThread [stack: 0x0000000018100000,0x0000000018200000] [id=1212]

VM state:not at safepoint (normal execution)

VM Mutex/Monitor currently owned by a thread: None

heap address: 0x00000000a0000000, size: 1536 MB, Compressed Oops mode: 32-bit
Narrow klass base: 0x0000000000000000, Narrow klass shift: 3
Compressed class space size: 1073741824 Address: 0x0000000100000000

Heap:
 PSYoungGen      total 207872K, used 69328K [0x00000000e0000000, 0x00000000eeb80000, 0x0000000100000000)
  eden space 174592K, 21% used [0x00000000e0000000,0x00000000e248dd48,0x00000000eaa80000)
  from space 33280K, 95% used [0x00000000eaa80000,0x00000000ec9a6380,0x00000000ecb00000)
  to   space 31232K, 0% used [0x00000000ecd00000,0x00000000ecd00000,0x00000000eeb80000)
 ParOldGen       total 142336K, used 89405K [0x00000000a0000000, 0x00000000a8b00000, 0x00000000e0000000)
  object space 142336K, 62% used [0x00000000a0000000,0x00000000a574f468,0x00000000a8b00000)
 Metaspace       used 92975K, capacity 97582K, committed 97752K, reserved 1134592K
  class space    used 11984K, capacity 12800K, committed 12800K, reserved 1048576K

Card table byte_map: [0x00000000120f0000,0x0000000012400000] byte_map_base: 0x0000000011bf0000

Marking Bits: (ParMarkBitMap*) 0x000000006e359f30
 Begin Bits: [0x0000000012a00000, 0x0000000014200000)
 End Bits:   [0x0000000014200000, 0x0000000015a00000)

Polling page: 0x00000000011a0000

CodeCache: size=245760Kb used=56609Kb max_used=56677Kb free=189150Kb
 bounds [0x0000000002d30000, 0x00000000064e0000, 0x0000000011d30000]
 total_blobs=17350 nmethods=16364 adapters=897
 compilation: enabled

Compilation events (10 events):
Event: 2141.424 Thread 0x00000000166a1800 20507       4       org.gradle.internal.work.DefaultWorkerLeaseService$DefaultWorkerLease::acquireLock (101 bytes)
Event: 2141.440 Thread 0x00000000166a1800 nmethod 20507 0x000000000648bc10 code [0x000000000648bd80, 0x000000000648c058]
Event: 2141.440 Thread 0x00000000166a1800 20509   !   4       org.gradle.internal.resources.DefaultResourceLockCoordinationService$DefaultResourceLockState::releaseLocks (76 bytes)
Event: 2141.457 Thread 0x00000000166a5000 nmethod 20506 0x000000000648c6d0 code [0x000000000648c8c0, 0x000000000648d388]
Event: 2141.457 Thread 0x00000000166a5000 20508       4       org.gradle.internal.work.DefaultWorkerLeaseService$DefaultWorkerLease::grantLease (34 bytes)
Event: 2141.458 Thread 0x00000000166a5000 nmethod 20508 0x00000000064c58d0 code [0x00000000064c5a00, 0x00000000064c5ab8]
Event: 2141.459 Thread 0x00000000166a5000 20510       4       org.gradle.internal.resources.AbstractTrackedResourceLock::tryLock (69 bytes)
Event: 2141.511 Thread 0x00000000166a5000 nmethod 20510 0x00000000064ca550 code [0x00000000064ca8c0, 0x00000000064cc2b8]
Event: 2141.810 Thread 0x00000000166a9800 20511       3       com.android.build.gradle.internal.LoggerWrapper::<init> (10 bytes)
Event: 2141.811 Thread 0x00000000166a9800 nmethod 20511 0x00000000064c5510 code [0x00000000064c5660, 0x00000000064c5830]

GC Heap History (10 events):
Event: 1851.396 GC heap before
{Heap before GC invocations=33 (full 4):
 PSYoungGen      total 175104K, used 166426K [0x00000000e0000000, 0x00000000ec580000, 0x0000000100000000)
  eden space 148992K, 100% used [0x00000000e0000000,0x00000000e9180000,0x00000000e9180000)
  from space 26112K, 66% used [0x00000000eac00000,0x00000000ebd06b88,0x00000000ec580000)
  to   space 26624K, 0% used [0x00000000e9180000,0x00000000e9180000,0x00000000eab80000)
 ParOldGen       total 142336K, used 73540K [0x00000000a0000000, 0x00000000a8b00000, 0x00000000e0000000)
  object space 142336K, 51% used [0x00000000a0000000,0x00000000a47d1168,0x00000000a8b00000)
 Metaspace       used 88645K, capacity 92332K, committed 92760K, reserved 1130496K
  class space    used 11555K, capacity 12267K, committed 12416K, reserved 1048576K
Event: 1851.417 GC heap after
Heap after GC invocations=33 (full 4):
 PSYoungGen      total 175616K, used 10980K [0x00000000e0000000, 0x00000000ecb80000, 0x0000000100000000)
  eden space 148992K, 0% used [0x00000000e0000000,0x00000000e0000000,0x00000000e9180000)
  from space 26624K, 41% used [0x00000000e9180000,0x00000000e9c39358,0x00000000eab80000)
  to   space 25600K, 0% used [0x00000000eb280000,0x00000000eb280000,0x00000000ecb80000)
 ParOldGen       total 142336K, used 73548K [0x00000000a0000000, 0x00000000a8b00000, 0x00000000e0000000)
  object space 142336K, 51% used [0x00000000a0000000,0x00000000a47d3168,0x00000000a8b00000)
 Metaspace       used 88645K, capacity 92332K, committed 92760K, reserved 1130496K
  class space    used 11555K, capacity 12267K, committed 12416K, reserved 1048576K
}
Event: 1949.047 GC heap before
{Heap before GC invocations=34 (full 4):
 PSYoungGen      total 175616K, used 159972K [0x00000000e0000000, 0x00000000ecb80000, 0x0000000100000000)
  eden space 148992K, 100% used [0x00000000e0000000,0x00000000e9180000,0x00000000e9180000)
  from space 26624K, 41% used [0x00000000e9180000,0x00000000e9c39358,0x00000000eab80000)
  to   space 25600K, 0% used [0x00000000eb280000,0x00000000eb280000,0x00000000ecb80000)
 ParOldGen       total 142336K, used 73548K [0x00000000a0000000, 0x00000000a8b00000, 0x00000000e0000000)
  object space 142336K, 51% used [0x00000000a0000000,0x00000000a47d3168,0x00000000a8b00000)
 Metaspace       used 88957K, capacity 92804K, committed 93016K, reserved 1130496K
  class space    used 11566K, capacity 12287K, committed 12416K, reserved 1048576K
Event: 1949.063 GC heap after
Heap after GC invocations=34 (full 4):
 PSYoungGen      total 176640K, used 10325K [0x00000000e0000000, 0x00000000ec700000, 0x0000000100000000)
  eden space 155648K, 0% used [0x00000000e0000000,0x00000000e0000000,0x00000000e9800000)
  from space 20992K, 49% used [0x00000000eb280000,0x00000000ebc957a0,0x00000000ec700000)
  to   space 24064K, 0% used [0x00000000e9800000,0x00000000e9800000,0x00000000eaf80000)
 ParOldGen       total 142336K, used 73548K [0x00000000a0000000, 0x00000000a8b00000, 0x00000000e0000000)
  object space 142336K, 51% used [0x00000000a0000000,0x00000000a47d3168,0x00000000a8b00000)
 Metaspace       used 88957K, capacity 92804K, committed 93016K, reserved 1130496K
  class space    used 11566K, capacity 12287K, committed 12416K, reserved 1048576K
}
Event: 1951.533 GC heap before
{Heap before GC invocations=35 (full 4):
 PSYoungGen      total 176640K, used 165973K [0x00000000e0000000, 0x00000000ec700000, 0x0000000100000000)
  eden space 155648K, 100% used [0x00000000e0000000,0x00000000e9800000,0x00000000e9800000)
  from space 20992K, 49% used [0x00000000eb280000,0x00000000ebc957a0,0x00000000ec700000)
  to   space 24064K, 0% used [0x00000000e9800000,0x00000000e9800000,0x00000000eaf80000)
 ParOldGen       total 142336K, used 73548K [0x00000000a0000000, 0x00000000a8b00000, 0x00000000e0000000)
  object space 142336K, 51% used [0x00000000a0000000,0x00000000a47d3168,0x00000000a8b00000)
 Metaspace       used 89258K, capacity 93230K, committed 93528K, reserved 1130496K
  class space    used 11587K, capacity 12326K, committed 12416K, reserved 1048576K
Event: 1951.597 GC heap after
Heap after GC invocations=35 (full 4):
 PSYoungGen      total 179712K, used 24061K [0x00000000e0000000, 0x00000000eed00000, 0x0000000100000000)
  eden space 155648K, 0% used [0x00000000e0000000,0x00000000e0000000,0x00000000e9800000)
  from space 24064K, 99% used [0x00000000e9800000,0x00000000eaf7f7a0,0x00000000eaf80000)
  to   space 32768K, 0% used [0x00000000ecd00000,0x00000000ecd00000,0x00000000eed00000)
 ParOldGen       total 142336K, used 86937K [0x00000000a0000000, 0x00000000a8b00000, 0x00000000e0000000)
  object space 142336K, 61% used [0x00000000a0000000,0x00000000a54e6428,0x00000000a8b00000)
 Metaspace       used 89258K, capacity 93230K, committed 93528K, reserved 1130496K
  class space    used 11587K, capacity 12326K, committed 12416K, reserved 1048576K
}
Event: 2054.198 GC heap before
{Heap before GC invocations=36 (full 4):
 PSYoungGen      total 179712K, used 179709K [0x00000000e0000000, 0x00000000eed00000, 0x0000000100000000)
  eden space 155648K, 100% used [0x00000000e0000000,0x00000000e9800000,0x00000000e9800000)
  from space 24064K, 99% used [0x00000000e9800000,0x00000000eaf7f7a0,0x00000000eaf80000)
  to   space 32768K, 0% used [0x00000000ecd00000,0x00000000ecd00000,0x00000000eed00000)
 ParOldGen       total 142336K, used 86937K [0x00000000a0000000, 0x00000000a8b00000, 0x00000000e0000000)
  object space 142336K, 61% used [0x00000000a0000000,0x00000000a54e6428,0x00000000a8b00000)
 Metaspace       used 89851K, capacity 94142K, committed 94424K, reserved 1130496K
  class space    used 11659K, capacity 12462K, committed 12544K, reserved 1048576K
Event: 2054.268 GC heap after
Heap after GC invocations=36 (full 4):
 PSYoungGen      total 205824K, used 20593K [0x00000000e0000000, 0x00000000eeb80000, 0x0000000100000000)
  eden space 174592K, 0% used [0x00000000e0000000,0x00000000e0000000,0x00000000eaa80000)
  from space 31232K, 65% used [0x00000000ecd00000,0x00000000ee11c530,0x00000000eeb80000)
  to   space 33280K, 0% used [0x00000000eaa80000,0x00000000eaa80000,0x00000000ecb00000)
 ParOldGen       total 142336K, used 89396K [0x00000000a0000000, 0x00000000a8b00000, 0x00000000e0000000)
  object space 142336K, 62% used [0x00000000a0000000,0x00000000a574d2f8,0x00000000a8b00000)
 Metaspace       used 89851K, capacity 94142K, committed 94424K, reserved 1130496K
  class space    used 11659K, capacity 12462K, committed 12544K, reserved 1048576K
}
Event: 2136.393 GC heap before
{Heap before GC invocations=37 (full 4):
 PSYoungGen      total 205824K, used 195185K [0x00000000e0000000, 0x00000000eeb80000, 0x0000000100000000)
  eden space 174592K, 100% used [0x00000000e0000000,0x00000000eaa80000,0x00000000eaa80000)
  from space 31232K, 65% used [0x00000000ecd00000,0x00000000ee11c530,0x00000000eeb80000)
  to   space 33280K, 0% used [0x00000000eaa80000,0x00000000eaa80000,0x00000000ecb00000)
 ParOldGen       total 142336K, used 89397K [0x00000000a0000000, 0x00000000a8b00000, 0x00000000e0000000)
  object space 142336K, 62% used [0x00000000a0000000,0x00000000a574d468,0x00000000a8b00000)
 Metaspace       used 92871K, capacity 97448K, committed 97496K, reserved 1134592K
  class space    used 11969K, capacity 12787K, committed 12800K, reserved 1048576K
Event: 2136.438 GC heap after
Heap after GC invocations=37 (full 4):
 PSYoungGen      total 207872K, used 31896K [0x00000000e0000000, 0x00000000eeb80000, 0x0000000100000000)
  eden space 174592K, 0% used [0x00000000e0000000,0x00000000e0000000,0x00000000eaa80000)
  from space 33280K, 95% used [0x00000000eaa80000,0x00000000ec9a6380,0x00000000ecb00000)
  to   space 31232K, 0% used [0x00000000ecd00000,0x00000000ecd00000,0x00000000eeb80000)
 ParOldGen       total 142336K, used 89405K [0x00000000a0000000, 0x00000000a8b00000, 0x00000000e0000000)
  object space 142336K, 62% used [0x00000000a0000000,0x00000000a574f468,0x00000000a8b00000)
 Metaspace       used 92871K, capacity 97448K, committed 97496K, reserved 1134592K
  class space    used 11969K, capacity 12787K, committed 12800K, reserved 1048576K
}

Deoptimization events (10 events):
Event: 2136.042 Thread 0x0000000019279000 Uncommon trap: reason=unstable_if action=reinterpret pc=0x0000000006400bdc method=sun.java2d.marlin.MarlinCache.copyAARowRLE_WithBlockFlags([I[IIII)V @ 323
Event: 2136.296 Thread 0x000000001927f000 Uncommon trap: reason=class_check action=maybe_recompile pc=0x000000000435e8d4 method=org.gradle.internal.resources.DefaultResourceLockCoordinationService$DefaultResourceLockState.releaseLocks()V @ 37
Event: 2136.440 Thread 0x000000001927f000 Uncommon trap: reason=class_check action=maybe_recompile pc=0x000000000435e8d4 method=org.gradle.internal.resources.DefaultResourceLockCoordinationService$DefaultResourceLockState.releaseLocks()V @ 37
Event: 2136.448 Thread 0x000000001927f000 Uncommon trap: reason=class_check action=maybe_recompile pc=0x000000000435e8d4 method=org.gradle.internal.resources.DefaultResourceLockCoordinationService$DefaultResourceLockState.releaseLocks()V @ 37
Event: 2137.116 Thread 0x000000001927d800 Uncommon trap: reason=unstable_if action=reinterpret pc=0x00000000059f7ea8 method=com.sun.org.apache.xerces.internal.dom.ParentNode.checkNormalizationAfterInsert(Lcom/sun/org/apache/xerces/internal/dom/ChildNode;)V @ 27
Event: 2137.116 Thread 0x000000001927d800 Uncommon trap: reason=unstable_if action=reinterpret pc=0x000000000379e4ac method=com.sun.org.apache.xerces.internal.dom.ParentNode.checkNormalizationAfterInsert(Lcom/sun/org/apache/xerces/internal/dom/ChildNode;)V @ 27
Event: 2137.120 Thread 0x000000001927d800 Uncommon trap: reason=class_check action=maybe_recompile pc=0x00000000059fcad0 method=com.android.ide.common.resources.NodeUtils.duplicateNode(Lorg/w3c/dom/Document;Lorg/w3c/dom/Node;)Lorg/w3c/dom/Node; @ 11
Event: 2137.124 Thread 0x000000001927d800 Uncommon trap: reason=class_check action=maybe_recompile pc=0x00000000059fcad0 method=com.android.ide.common.resources.NodeUtils.duplicateNode(Lorg/w3c/dom/Document;Lorg/w3c/dom/Node;)Lorg/w3c/dom/Node; @ 11
Event: 2137.124 Thread 0x000000001927d800 Uncommon trap: reason=class_check action=maybe_recompile pc=0x00000000059fcad0 method=com.android.ide.common.resources.NodeUtils.duplicateNode(Lorg/w3c/dom/Document;Lorg/w3c/dom/Node;)Lorg/w3c/dom/Node; @ 11
Event: 2137.124 Thread 0x000000001927d800 Uncommon trap: reason=class_check action=maybe_recompile pc=0x00000000059fcad0 method=com.android.ide.common.resources.NodeUtils.duplicateNode(Lorg/w3c/dom/Document;Lorg/w3c/dom/Node;)Lorg/w3c/dom/Node; @ 11

Classes redefined (0 events):
No events

Internal exceptions (10 events):
Event: 2132.674 Thread 0x000000001927d800 Exception <a 'java/lang/NoSuchMethodError': <clinit>> (0x00000000e92d1a08) thrown at [D:\src\AOSP-openjdk-cygwin\jdk8u\hotspot\src\share\vm\prims\jni.cpp, line 1614]
Event: 2132.674 Thread 0x000000001927d800 Exception <a 'java/lang/NoSuchMethodError': <clinit>> (0x00000000e92d6680) thrown at [D:\src\AOSP-openjdk-cygwin\jdk8u\hotspot\src\share\vm\prims\jni.cpp, line 1614]
Event: 2132.674 Thread 0x000000001927d800 Exception <a 'java/lang/NoSuchMethodError': <clinit>> (0x00000000e92d9b18) thrown at [D:\src\AOSP-openjdk-cygwin\jdk8u\hotspot\src\share\vm\prims\jni.cpp, line 1614]
Event: 2132.676 Thread 0x000000001927d800 Exception <a 'java/lang/NoSuchMethodError': <clinit>> (0x00000000e92f1148) thrown at [D:\src\AOSP-openjdk-cygwin\jdk8u\hotspot\src\share\vm\prims\jni.cpp, line 1614]
Event: 2132.677 Thread 0x000000001927d800 Exception <a 'java/lang/NoSuchMethodError': <clinit>> (0x00000000e9306ad8) thrown at [D:\src\AOSP-openjdk-cygwin\jdk8u\hotspot\src\share\vm\prims\jni.cpp, line 1614]
Event: 2132.680 Thread 0x000000001927d800 Exception <a 'java/lang/NoSuchMethodError': <clinit>> (0x00000000e9324698) thrown at [D:\src\AOSP-openjdk-cygwin\jdk8u\hotspot\src\share\vm\prims\jni.cpp, line 1614]
Event: 2132.681 Thread 0x000000001927d800 Exception <a 'java/lang/NoSuchMethodError': <clinit>> (0x00000000e9337b58) thrown at [D:\src\AOSP-openjdk-cygwin\jdk8u\hotspot\src\share\vm\prims\jni.cpp, line 1614]
Event: 2133.623 Thread 0x000000001927b000 Exception <a 'java/io/FileNotFoundException'> (0x00000000e9c2b770) thrown at [D:\src\AOSP-openjdk-cygwin\jdk8u\hotspot\src\share\vm\prims\jni.cpp, line 710]
Event: 2134.493 Thread 0x0000000019279000 Exception <a 'java/io/FileNotFoundException'> (0x00000000e9b5e028) thrown at [D:\src\AOSP-openjdk-cygwin\jdk8u\hotspot\src\share\vm\prims\jni.cpp, line 710]
Event: 2141.453 Thread 0x000000001927f000 Exception <a 'sun/nio/fs/WindowsException'> (0x00000000e20fc470) thrown at [D:\src\AOSP-openjdk-cygwin\jdk8u\hotspot\src\share\vm\prims\jni.cpp, line 710]

Events (10 events):
Event: 2137.338 Executing VM operation: RevokeBias done
Event: 2137.834 Thread 0x000000001f92e000 Thread added: 0x000000001f92e000
Event: 2137.834 Thread 0x000000001f92b800 Thread added: 0x000000001f92b800
Event: 2137.855 Thread 0x000000001f933000 Thread added: 0x000000001f933000
Event: 2137.855 Thread 0x000000001f92c800 Thread added: 0x000000001f92c800
Event: 2137.893 Thread 0x000000001f93b000 Thread added: 0x000000001f93b000
Event: 2137.893 Thread 0x000000001f934000 Thread added: 0x000000001f934000
Event: 2137.905 Thread 0x000000001f939800 Thread added: 0x000000001f939800
Event: 2137.905 Thread 0x000000001f934800 Thread added: 0x000000001f934800
Event: 2138.307 Thread 0x0000000019287000 Thread exited: 0x0000000019287000


Dynamic libraries:
0x00007ff678280000 - 0x00007ff6782b1000 	C:\Program Files\Android\Android Studio\jre\bin\java.exe
0x00007ffedb8e0000 - 0x00007ffedbacd000 	C:\WINDOWS\SYSTEM32\ntdll.dll
0x00007ffed56d0000 - 0x00007ffed56e3000 	C:\Program Files\AVG\Antivirus\aswhook.dll
0x00007ffedb690000 - 0x00007ffedb743000 	C:\WINDOWS\System32\KERNEL32.DLL
0x00007ffed8340000 - 0x00007ffed85d3000 	C:\WINDOWS\System32\KERNELBASE.dll
0x00007ffeda350000 - 0x00007ffeda3f3000 	C:\WINDOWS\System32\ADVAPI32.dll
0x00007ffedaf00000 - 0x00007ffedaf9e000 	C:\WINDOWS\System32\msvcrt.dll
0x00007ffeda960000 - 0x00007ffeda9fe000 	C:\WINDOWS\System32\sechost.dll
0x00007ffedb040000 - 0x00007ffedb162000 	C:\WINDOWS\System32\RPCRT4.dll
0x00007ffeda100000 - 0x00007ffeda297000 	C:\WINDOWS\System32\USER32.dll
0x00007ffed8ae0000 - 0x00007ffed8b00000 	C:\WINDOWS\System32\win32u.dll
0x00007ffed8b00000 - 0x00007ffed8b29000 	C:\WINDOWS\System32\GDI32.dll
0x00007ffed81a0000 - 0x00007ffed8339000 	C:\WINDOWS\System32\gdi32full.dll
0x00007ffed8750000 - 0x00007ffed87f0000 	C:\WINDOWS\System32\msvcp_win.dll
0x00007ffed8650000 - 0x00007ffed874a000 	C:\WINDOWS\System32\ucrtbase.dll
0x00007ffec4710000 - 0x00007ffec4989000 	C:\WINDOWS\WinSxS\amd64_microsoft.windows.common-controls_6595b64144ccf1df_6.0.17763.973_none_05b245900721eb81\COMCTL32.dll
0x00007ffeda4b0000 - 0x00007ffeda7dc000 	C:\WINDOWS\System32\combase.dll
0x00007ffed79a0000 - 0x00007ffed7a1e000 	C:\WINDOWS\System32\bcryptPrimitives.dll
0x00007ffeda7e0000 - 0x00007ffeda80e000 	C:\WINDOWS\System32\IMM32.DLL
0x000000006dab0000 - 0x000000006db82000 	C:\Program Files\Android\Android Studio\jre\jre\bin\msvcr100.dll
0x000000006db90000 - 0x000000006e3d6000 	C:\Program Files\Android\Android Studio\jre\jre\bin\server\jvm.dll
0x00007ffeda090000 - 0x00007ffeda098000 	C:\WINDOWS\System32\PSAPI.DLL
0x00007ffec8f00000 - 0x00007ffec8f09000 	C:\WINDOWS\SYSTEM32\WSOCK32.dll
0x00007ffeda820000 - 0x00007ffeda88d000 	C:\WINDOWS\System32\WS2_32.dll
0x00007ffed5330000 - 0x00007ffed5354000 	C:\WINDOWS\SYSTEM32\WINMM.dll
0x00007ffed62e0000 - 0x00007ffed62ea000 	C:\WINDOWS\SYSTEM32\VERSION.dll
0x00007ffed5300000 - 0x00007ffed532d000 	C:\WINDOWS\SYSTEM32\WINMMBASE.dll
0x00007ffed8600000 - 0x00007ffed864a000 	C:\WINDOWS\System32\cfgmgr32.dll
0x00007ffed6540000 - 0x00007ffed654f000 	C:\Program Files\Android\Android Studio\jre\jre\bin\verify.dll
0x00007ffed64a0000 - 0x00007ffed64c9000 	C:\Program Files\Android\Android Studio\jre\jre\bin\java.dll
0x00007ffed3fb0000 - 0x00007ffed3fc6000 	C:\Program Files\Android\Android Studio\jre\jre\bin\zip.dll
0x00007ffed8b30000 - 0x00007ffeda024000 	C:\WINDOWS\System32\SHELL32.dll
0x00007ffeda2a0000 - 0x00007ffeda348000 	C:\WINDOWS\System32\shcore.dll
0x00007ffed7a20000 - 0x00007ffed816d000 	C:\WINDOWS\System32\windows.storage.dll
0x00007ffed7950000 - 0x00007ffed7974000 	C:\WINDOWS\System32\profapi.dll
0x00007ffed78f0000 - 0x00007ffed794d000 	C:\WINDOWS\System32\powrprof.dll
0x00007ffeda890000 - 0x00007ffeda8e2000 	C:\WINDOWS\System32\shlwapi.dll
0x00007ffed7980000 - 0x00007ffed7991000 	C:\WINDOWS\System32\kernel.appcore.dll
0x00007ffed85e0000 - 0x00007ffed85f7000 	C:\WINDOWS\System32\cryptsp.dll
0x00007ffece640000 - 0x00007ffece65a000 	C:\Program Files\Android\Android Studio\jre\jre\bin\net.dll
0x00007ffeca760000 - 0x00007ffeca937000 	C:\WINDOWS\SYSTEM32\urlmon.dll
0x00007ffecad00000 - 0x00007ffecafa8000 	C:\WINDOWS\SYSTEM32\iertutil.dll
0x00007ffed7310000 - 0x00007ffed731c000 	C:\WINDOWS\SYSTEM32\CRYPTBASE.DLL
0x00007ffed7140000 - 0x00007ffed71a7000 	C:\WINDOWS\system32\mswsock.dll
0x00007ffece620000 - 0x00007ffece633000 	C:\Program Files\Android\Android Studio\jre\jre\bin\nio.dll
0x00007ffec28d0000 - 0x00007ffec28f6000 	C:\Users\basker\.gradle\native\30\windows-amd64\native-platform.dll
0x00007ffed6480000 - 0x00007ffed648d000 	C:\Program Files\Android\Android Studio\jre\jre\bin\management.dll
0x00007ffed6c60000 - 0x00007ffed6c93000 	C:\WINDOWS\system32\rsaenh.dll
0x00007ffed8170000 - 0x00007ffed8196000 	C:\WINDOWS\System32\bcrypt.dll
0x00007ffed77d0000 - 0x00007ffed77f8000 	C:\WINDOWS\SYSTEM32\USERENV.dll
0x00007ffed6e60000 - 0x00007ffed6e9d000 	C:\WINDOWS\SYSTEM32\IPHLPAPI.DLL
0x00007ffeda810000 - 0x00007ffeda818000 	C:\WINDOWS\System32\NSI.dll
0x00007ffece980000 - 0x00007ffece996000 	C:\WINDOWS\SYSTEM32\dhcpcsvc6.DLL
0x00007ffece9e0000 - 0x00007ffece9fc000 	C:\WINDOWS\SYSTEM32\dhcpcsvc.DLL
0x00007ffed6ea0000 - 0x00007ffed6f66000 	C:\WINDOWS\SYSTEM32\DNSAPI.dll
0x00007ffed59b0000 - 0x00007ffed5a3c000 	C:\WINDOWS\system32\apphelp.dll
0x00007ffeaa2a0000 - 0x00007ffeaa43c000 	C:\Program Files\Android\Android Studio\jre\jre\bin\awt.dll
0x00007ffedb5c0000 - 0x00007ffedb684000 	C:\WINDOWS\System32\OLEAUT32.dll
0x00007ffed5dd0000 - 0x00007ffed5dfe000 	C:\WINDOWS\SYSTEM32\dwmapi.dll
0x00007ffed88a0000 - 0x00007ffed8a7c000 	C:\WINDOWS\System32\CRYPT32.dll
0x00007ffed78d0000 - 0x00007ffed78e2000 	C:\WINDOWS\System32\MSASN1.dll
0x00007ffed4b70000 - 0x00007ffed512e000 	C:\WINDOWS\SYSTEM32\d2d1.dll
0x00007ffed5ce0000 - 0x00007ffed5d7c000 	C:\WINDOWS\system32\uxtheme.dll

VM Arguments:
jvm_args: -Xmx1536m -Dfile.encoding=windows-1252 -Duser.country=US -Duser.language=en -Duser.variant 
java_command: org.gradle.launcher.daemon.bootstrap.GradleDaemon 5.6.4
java_class_path (initial): C:\Users\basker\.gradle\wrapper\dists\gradle-5.6.4-all\ankdp27end7byghfw1q2sw75f\gradle-5.6.4\lib\gradle-launcher-5.6.4.jar
Launcher Type: SUN_STANDARD

Environment Variables:
PATH=C:\Program Files (x86)\Common Files\Oracle\Java\javapath;C:\Program Files (x86)\NVIDIA Corporation\PhysX\Common;C:\Program Files (x86)\Intel\iCLS Client\;C:\Program Files\Intel\iCLS Client\;C:\WINDOWS\system32;C:\WINDOWS;C:\WINDOWS\System32\Wbem;C:\WINDOWS\System32\WindowsPowerShell\v1.0\;C:\Program Files\Intel\Intel(R) Management Engine Components\DAL;C:\Program Files\Intel\Intel(R) Management Engine Components\IPT;C:\Program Files (x86)\Intel\Intel(R) Management Engine Components\DAL;C:\Program Files (x86)\Intel\Intel(R) Management Engine Components\IPT;C:\Program Files (x86)\Intel\OpenCL SDK\2.0\bin\x86;C:\Program Files (x86)\Intel\OpenCL SDK\2.0\bin\x64;C:\Program Files\Lenovo\Bluetooth Software\;C:\Program Files\Lenovo\Bluetooth Software\syswow64;C:\WINDOWS\System32\OpenSSH\;C:\Program Files\nodejs\;C:\Users\basker\AppData\Local\Android\Sdk\platforms;C:\Users\basker\AppData\Local\Android\Sdk\platform-tools;C:\Users\basker\.gradle\wrapper\dists\gradle-5.6.4-all\ankdp27end7byghfw1q2sw75f\gradle-5.6.4\bin;C:\Program Files\Git\cmd;C:\Program Files\MySQL\MySQL Shell 8.0\bin\;C:\Users\basker\AppData\Local\Microsoft\WindowsApps;C:\Users\basker\AppData\Roaming\npm;C:\Users\basker\AppData\Local\Programs\Microsoft VS Code\bin;C:\Users\basker\.gradle\wrapper\dists\gradle-5.6.4-all\ankdp27end7byghfw1q2sw75f\gradle-5.6.4\bin;
USERNAME=basker
OS=Windows_NT
PROCESSOR_IDENTIFIER=Intel64 Family 6 Model 58 Stepping 9, GenuineIntel



---------------  S Y S T E M  ---------------

OS: Windows 10.0 , 64 bit Build 17763 (10.0.17763.475)

CPU:total 4 (initial active 4) (2 cores per cpu, 2 threads per core) family 6 model 58 stepping 9, cmov, cx8, fxsr, mmx, sse, sse2, sse3, ssse3, sse4.1, sse4.2, popcnt, avx, aes, clmul, erms, ht, tsc, tscinvbit, tscinv

Memory: 4k page, physical 4056852k(318868k free), swap 5481236k(5468k free)

vm_info: OpenJDK 64-Bit Server VM (25.212-b04) for windows-amd64 JRE (1.8.0_212-release-1586-b04), built by "builder" with MS VC++ 10.0 (VS2010)

time: Thu May 28 00:37:22 2020
timezone: India Standard Time
elapsed time: 2143 seconds (0d 0h 35m 43s)

