#
# There is insufficient memory for the Java Runtime Environment to continue.
# Native memory allocation (malloc) failed to allocate 1455696 bytes for Chunk::new
# Possible reasons:
#   The system is out of physical RAM or swap space
#   The process is running with CompressedOops enabled, and the Java Heap may be blocking the growth of the native heap
# Possible solutions:
#   Reduce memory load on the system
#   Increase physical memory or swap space
#   Check if swap backing store is full
#   Decrease Java heap size (-Xmx/-Xms)
#   Decrease number of Java threads
#   Decrease Java thread stack sizes (-Xss)
#   Set larger code cache with -XX:ReservedCodeCacheSize=
#   JVM is running with Unscaled Compressed Oops mode in which the Java heap is
#     placed in the first 4GB address space. The Java Heap base address is the
#     maximum limit for the native heap growth. Please use -XX:HeapBaseMinAddress
#     to set the Java Heap base and to place the Java Heap above 4GB virtual address.
# This output file may be truncated or incomplete.
#
#  Out of Memory Error (allocation.cpp:389), pid=1124, tid=0x0000000000001c50
#
# JRE version: OpenJDK Runtime Environment (8.0_212-b04) (build 1.8.0_212-release-1586-b04)
# Java VM: OpenJDK 64-Bit Server VM (25.212-b04 mixed mode windows-amd64 compressed oops)
# Failed to write core dump. Minidumps are not enabled by default on client versions of Windows
#

---------------  T H R E A D  ---------------

Current thread (0x00000000162dc000):  JavaThread "C2 CompilerThread0" daemon [_thread_in_native, id=7248, stack(0x0000000017930000,0x0000000017a30000)]

Stack: [0x0000000017930000,0x0000000017a30000]
[error occurred during error reporting (printing stack bounds), id 0xc0000005]

Native frames: (J=compiled Java code, j=interpreted, Vv=VM code, C=native code)


Current CompileTask:
C2:3699130 11899       4       org.gradle.internal.component.model.ComponentAttributeMatcher::match (318 bytes)


---------------  P R O C E S S  ---------------

Java Threads: ( => current thread )
  0x000000001d051000 JavaThread "Cache worker for execution history cache (C:\Users\basker\Desktop\KitchenHub\.gradle\5.6.4\executionHistory)" [_thread_blocked, id=1672, stack(0x000000002a600000,0x000000002a700000)]
  0x000000001d058000 JavaThread "Execution worker for ':' Thread 3" [_thread_in_native, id=1076, stack(0x000000002a500000,0x000000002a600000)]
  0x000000001d050800 JavaThread "Execution worker for ':' Thread 2" [_thread_blocked, id=9416, stack(0x000000002a400000,0x000000002a500000)]
  0x000000001d057000 JavaThread "Execution worker for ':'" [_thread_blocked, id=12196, stack(0x000000002a300000,0x000000002a400000)]
  0x000000001d04f000 JavaThread "Cache worker for file content cache (C:\Users\basker\Desktop\KitchenHub\.gradle\5.6.4\fileContent)" [_thread_blocked, id=4996, stack(0x000000002a200000,0x000000002a300000)]
  0x000000001d04a800 JavaThread "Cache worker for file content cache (C:\Users\basker\.gradle\caches\5.6.4\fileContent)" [_thread_blocked, id=11356, stack(0x000000002a100000,0x000000002a200000)]
  0x000000001d04e000 JavaThread "Cache worker for Build Output Cleanup Cache (C:\Users\basker\Desktop\KitchenHub\.gradle\buildOutputCleanup)" [_thread_blocked, id=7004, stack(0x000000002a000000,0x000000002a100000)]
  0x000000001d7be800 JavaThread "Build operations Thread 4" [_thread_blocked, id=10672, stack(0x0000000029f00000,0x000000002a000000)]
  0x000000001d7c5800 JavaThread "Build operations Thread 3" [_thread_blocked, id=10540, stack(0x0000000029e00000,0x0000000029f00000)]
  0x000000001d7c4800 JavaThread "Build operations Thread 2" [_thread_blocked, id=6884, stack(0x0000000029d00000,0x0000000029e00000)]
  0x000000001d7c1000 JavaThread "Build operations" [_thread_blocked, id=5152, stack(0x0000000029c00000,0x0000000029d00000)]
  0x000000001d7c4000 JavaThread "Cache worker for cache directory md-rule (C:\Users\basker\.gradle\caches\5.6.4\md-rule)" [_thread_blocked, id=8640, stack(0x0000000029b00000,0x0000000029c00000)]
  0x000000001d7c3000 JavaThread "Cache worker for cache directory md-supplier (C:\Users\basker\.gradle\caches\5.6.4\md-supplier)" [_thread_blocked, id=10080, stack(0x0000000029a00000,0x0000000029b00000)]
  0x000000001d7b6800 JavaThread "Cache worker for file hash cache (C:\Users\basker\Desktop\KitchenHub\.gradle\5.6.4\fileHashes)" [_thread_blocked, id=11768, stack(0x0000000029900000,0x0000000029a00000)]
  0x000000001d7b8800 JavaThread "Thread-84" [_thread_blocked, id=680, stack(0x0000000029800000,0x0000000029900000)]
  0x000000001d7b8000 JavaThread "Stdin handler" [_thread_blocked, id=7232, stack(0x0000000029700000,0x0000000029800000)]
  0x000000001d7bd000 JavaThread "Asynchronous log dispatcher for DefaultDaemonConnection: socket connection from /127.0.0.1:53908 to /127.0.0.1:55409" [_thread_blocked, id=436, stack(0x0000000029600000,0x0000000029700000)]
  0x000000001d7b9800 JavaThread "Cancel handler" [_thread_blocked, id=3316, stack(0x0000000029500000,0x0000000029600000)]
  0x000000001d7bc800 JavaThread "Handler for socket connection from /127.0.0.1:53908 to /127.0.0.1:55409" [_thread_in_native, id=11588, stack(0x0000000029400000,0x0000000029500000)]
  0x000000001d04f800 JavaThread "Daemon worker Thread 4" [_thread_in_native, id=6740, stack(0x0000000028300000,0x0000000028400000)]
  0x000000001d04b000 JavaThread "Daemon Thread 4" [_thread_blocked, id=10532, stack(0x0000000028000000,0x0000000028100000)]
  0x000000001d7b7000 JavaThread "Memory manager" [_thread_blocked, id=3828, stack(0x00000000235c0000,0x00000000236c0000)]
  0x000000001d7bb000 JavaThread "Cache worker for execution history cache (C:\Users\basker\.gradle\caches\5.6.4\executionHistory)" [_thread_blocked, id=8940, stack(0x0000000020010000,0x0000000020110000)]
  0x0000000019f1c800 JavaThread "Cache worker for journal cache (C:\Users\basker\.gradle\caches\journal-1)" [_thread_blocked, id=8392, stack(0x000000001c050000,0x000000001c150000)]
  0x0000000019f1c000 JavaThread "File lock request listener" [_thread_in_native, id=336, stack(0x000000001bf50000,0x000000001c050000)]
  0x0000000019f23000 JavaThread "Cache worker for file hash cache (C:\Users\basker\.gradle\caches\5.6.4\fileHashes)" [_thread_blocked, id=9688, stack(0x000000001be50000,0x000000001bf50000)]
  0x0000000019be4000 JavaThread "Daemon periodic checks" [_thread_blocked, id=2584, stack(0x000000001b250000,0x000000001b350000)]
  0x0000000019bd8800 JavaThread "Incoming local TCP Connector on port 53908" [_thread_in_native, id=5860, stack(0x000000001b010000,0x000000001b110000)]
  0x0000000019ac3800 JavaThread "Daemon health stats" [_thread_blocked, id=7376, stack(0x000000001a9d0000,0x000000001aad0000)]
  0x0000000017c58800 JavaThread "Service Thread" daemon [_thread_blocked, id=6696, stack(0x0000000018030000,0x0000000018130000)]
  0x00000000162f4000 JavaThread "C1 CompilerThread2" daemon [_thread_blocked, id=5812, stack(0x0000000017b30000,0x0000000017c30000)]
  0x00000000162e4000 JavaThread "C2 CompilerThread1" daemon [_thread_in_native, id=4444, stack(0x0000000017a30000,0x0000000017b30000)]
=>0x00000000162dc000 JavaThread "C2 CompilerThread0" daemon [_thread_in_native, id=7248, stack(0x0000000017930000,0x0000000017a30000)]
  0x00000000162e9000 JavaThread "Attach Listener" daemon [_thread_blocked, id=4308, stack(0x0000000017830000,0x0000000017930000)]
  0x00000000162e7800 JavaThread "Signal Dispatcher" daemon [_thread_blocked, id=8084, stack(0x0000000017730000,0x0000000017830000)]
  0x000000000296d800 JavaThread "Finalizer" daemon [_thread_blocked, id=7348, stack(0x0000000017530000,0x0000000017630000)]
  0x00000000162c9000 JavaThread "Reference Handler" daemon [_thread_blocked, id=8896, stack(0x0000000017430000,0x0000000017530000)]
  0x0000000000c8e000 JavaThread "main" [_thread_blocked, id=11428, stack(0x0000000002770000,0x0000000002870000)]

Other Threads:
  0x00000000162a6800 VMThread [stack: 0x0000000017330000,0x0000000017430000] [id=10600]
  0x000000001633e800 WatcherThread [stack: 0x0000000018130000,0x0000000018230000] [id=9280]

VM state:not at safepoint (normal execution)

VM Mutex/Monitor currently owned by a thread: None

heap address: 0x00000000a0000000, size: 1536 MB, Compressed Oops mode: 32-bit
Narrow klass base: 0x0000000000000000, Narrow klass shift: 3
Compressed class space size: 1073741824 Address: 0x0000000100000000

Heap:
 PSYoungGen      total 142848K, used 56764K [0x00000000e0000000, 0x00000000ea280000, 0x0000000100000000)
  eden space 128512K, 42% used [0x00000000e0000000,0x00000000e35d71a8,0x00000000e7d80000)
  from space 14336K, 11% used [0x00000000e9480000,0x00000000e9618000,0x00000000ea280000)
  to   space 18944K, 0% used [0x00000000e7d80000,0x00000000e7d80000,0x00000000e9000000)
 ParOldGen       total 84480K, used 45187K [0x00000000a0000000, 0x00000000a5280000, 0x00000000e0000000)
  object space 84480K, 53% used [0x00000000a0000000,0x00000000a2c20f28,0x00000000a5280000)
 Metaspace       used 74775K, capacity 78156K, committed 78464K, reserved 1118208K
  class space    used 9800K, capacity 10515K, committed 10624K, reserved 1048576K

Card table byte_map: [0x0000000011d30000,0x0000000012040000] byte_map_base: 0x0000000011830000

Marking Bits: (ParMarkBitMap*) 0x0000000063419f30
 Begin Bits: [0x0000000012640000, 0x0000000013e40000)
 End Bits:   [0x0000000013e40000, 0x0000000015640000)

Polling page: 0x0000000002670000

CodeCache: size=245760Kb used=33744Kb max_used=33744Kb free=212015Kb
 bounds [0x0000000002970000, 0x0000000004a90000, 0x0000000011970000]
 total_blobs=11082 nmethods=10258 adapters=736
 compilation: enabled

Compilation events (10 events):
Event: 3698.766 Thread 0x00000000162f4000 12046       3       java.util.IdentityHashMap$IdentityHashMapIterator::hasNext (50 bytes)
Event: 3698.767 Thread 0x00000000162f4000 nmethod 12046 0x0000000004a87d50 code [0x0000000004a87ec0, 0x0000000004a88150]
Event: 3698.767 Thread 0x00000000162f4000 12047       3       java.util.IdentityHashMap$ValueIterator::next (12 bytes)
Event: 3698.767 Thread 0x00000000162f4000 nmethod 12047 0x0000000004a88250 code [0x0000000004a883c0, 0x0000000004a885e8]
Event: 3698.771 Thread 0x00000000162f4000 12048       3       org.gradle.api.internal.AbstractTask::getIdentityPath (8 bytes)
Event: 3698.771 Thread 0x00000000162f4000 nmethod 12048 0x0000000004a886d0 code [0x0000000004a88820, 0x0000000004a88970]
Event: 3698.808 Thread 0x00000000162f4000 12049       3       java.util.IdentityHashMap$IdentityHashMapIterator::nextIndex (72 bytes)
Event: 3698.809 Thread 0x00000000162f4000 nmethod 12049 0x0000000004a88a10 code [0x0000000004a88ba0, 0x0000000004a89008]
Event: 3698.811 Thread 0x00000000162f4000 12050       3       org.gradle.internal.work.DefaultWorkerLeaseService$DefaultWorkerLease::releaseLock (90 bytes)
Event: 3698.812 Thread 0x00000000162f4000 nmethod 12050 0x0000000004a89190 code [0x0000000004a89440, 0x0000000004a8a8d8]

GC Heap History (10 events):
Event: 21.492 GC heap before
{Heap before GC invocations=21 (full 3):
 PSYoungGen      total 137728K, used 1527K [0x00000000e0000000, 0x00000000e9b80000, 0x0000000100000000)
  eden space 121344K, 0% used [0x00000000e0000000,0x00000000e0000000,0x00000000e7680000)
  from space 16384K, 9% used [0x00000000e8680000,0x00000000e87fdd20,0x00000000e9680000)
  to   space 16384K, 0% used [0x00000000e7680000,0x00000000e7680000,0x00000000e8680000)
 ParOldGen       total 53248K, used 37287K [0x00000000a0000000, 0x00000000a3400000, 0x00000000e0000000)
  object space 53248K, 70% used [0x00000000a0000000,0x00000000a2469c80,0x00000000a3400000)
 Metaspace       used 57121K, capacity 59010K, committed 59136K, reserved 1099776K
  class space    used 7700K, capacity 8161K, committed 8192K, reserved 1048576K
Event: 21.737 GC heap after
Heap after GC invocations=21 (full 3):
 PSYoungGen      total 137728K, used 0K [0x00000000e0000000, 0x00000000e9b80000, 0x0000000100000000)
  eden space 121344K, 0% used [0x00000000e0000000,0x00000000e0000000,0x00000000e7680000)
  from space 16384K, 0% used [0x00000000e8680000,0x00000000e8680000,0x00000000e9680000)
  to   space 16384K, 0% used [0x00000000e7680000,0x00000000e7680000,0x00000000e8680000)
 ParOldGen       total 84480K, used 30304K [0x00000000a0000000, 0x00000000a5280000, 0x00000000e0000000)
  object space 84480K, 35% used [0x00000000a0000000,0x00000000a1d98228,0x00000000a5280000)
 Metaspace       used 57111K, capacity 58986K, committed 59136K, reserved 1099776K
  class space    used 7697K, capacity 8156K, committed 8192K, reserved 1048576K
}
Event: 24.305 GC heap before
{Heap before GC invocations=22 (full 3):
 PSYoungGen      total 137728K, used 121344K [0x00000000e0000000, 0x00000000e9b80000, 0x0000000100000000)
  eden space 121344K, 100% used [0x00000000e0000000,0x00000000e7680000,0x00000000e7680000)
  from space 16384K, 0% used [0x00000000e8680000,0x00000000e8680000,0x00000000e9680000)
  to   space 16384K, 0% used [0x00000000e7680000,0x00000000e7680000,0x00000000e8680000)
 ParOldGen       total 84480K, used 30304K [0x00000000a0000000, 0x00000000a5280000, 0x00000000e0000000)
  object space 84480K, 35% used [0x00000000a0000000,0x00000000a1d98228,0x00000000a5280000)
 Metaspace       used 61615K, capacity 63684K, committed 64000K, reserved 1103872K
  class space    used 8382K, capacity 8879K, committed 8960K, reserved 1048576K
Event: 24.323 GC heap after
Heap after GC invocations=22 (full 3):
 PSYoungGen      total 137728K, used 9815K [0x00000000e0000000, 0x00000000eab00000, 0x0000000100000000)
  eden space 121344K, 0% used [0x00000000e0000000,0x00000000e0000000,0x00000000e7680000)
  from space 16384K, 59% used [0x00000000e7680000,0x00000000e8015e10,0x00000000e8680000)
  to   space 16896K, 0% used [0x00000000e9a80000,0x00000000e9a80000,0x00000000eab00000)
 ParOldGen       total 84480K, used 30312K [0x00000000a0000000, 0x00000000a5280000, 0x00000000e0000000)
  object space 84480K, 35% used [0x00000000a0000000,0x00000000a1d9a228,0x00000000a5280000)
 Metaspace       used 61615K, capacity 63684K, committed 64000K, reserved 1103872K
  class space    used 8382K, capacity 8879K, committed 8960K, reserved 1048576K
}
Event: 28.770 GC heap before
{Heap before GC invocations=23 (full 3):
 PSYoungGen      total 137728K, used 131159K [0x00000000e0000000, 0x00000000eab00000, 0x0000000100000000)
  eden space 121344K, 100% used [0x00000000e0000000,0x00000000e7680000,0x00000000e7680000)
  from space 16384K, 59% used [0x00000000e7680000,0x00000000e8015e10,0x00000000e8680000)
  to   space 16896K, 0% used [0x00000000e9a80000,0x00000000e9a80000,0x00000000eab00000)
 ParOldGen       total 84480K, used 30312K [0x00000000a0000000, 0x00000000a5280000, 0x00000000e0000000)
  object space 84480K, 35% used [0x00000000a0000000,0x00000000a1d9a228,0x00000000a5280000)
 Metaspace       used 68750K, capacity 71784K, committed 72064K, reserved 1112064K
  class space    used 9350K, capacity 9994K, committed 10112K, reserved 1048576K
Event: 28.810 GC heap after
Heap after GC invocations=23 (full 3):
 PSYoungGen      total 155136K, used 16887K [0x00000000e0000000, 0x00000000eb080000, 0x0000000100000000)
  eden space 138240K, 0% used [0x00000000e0000000,0x00000000e0000000,0x00000000e8700000)
  from space 16896K, 99% used [0x00000000e9a80000,0x00000000eaafdd38,0x00000000eab00000)
  to   space 19968K, 0% used [0x00000000e8700000,0x00000000e8700000,0x00000000e9a80000)
 ParOldGen       total 84480K, used 31502K [0x00000000a0000000, 0x00000000a5280000, 0x00000000e0000000)
  object space 84480K, 37% used [0x00000000a0000000,0x00000000a1ec3a38,0x00000000a5280000)
 Metaspace       used 68750K, capacity 71784K, committed 72064K, reserved 1112064K
  class space    used 9350K, capacity 9994K, committed 10112K, reserved 1048576K
}
Event: 2664.218 GC heap before
{Heap before GC invocations=24 (full 3):
 PSYoungGen      total 155136K, used 155127K [0x00000000e0000000, 0x00000000eb080000, 0x0000000100000000)
  eden space 138240K, 100% used [0x00000000e0000000,0x00000000e8700000,0x00000000e8700000)
  from space 16896K, 99% used [0x00000000e9a80000,0x00000000eaafdd38,0x00000000eab00000)
  to   space 19968K, 0% used [0x00000000e8700000,0x00000000e8700000,0x00000000e9a80000)
 ParOldGen       total 84480K, used 31502K [0x00000000a0000000, 0x00000000a5280000, 0x00000000e0000000)
  object space 84480K, 37% used [0x00000000a0000000,0x00000000a1ec3a38,0x00000000a5280000)
 Metaspace       used 73050K, capacity 76214K, committed 76416K, reserved 1116160K
  class space    used 9602K, capacity 10289K, committed 10368K, reserved 1048576K
Event: 2664.383 GC heap after
Heap after GC invocations=24 (full 3):
 PSYoungGen      total 138752K, used 5280K [0x00000000e0000000, 0x00000000ea700000, 0x0000000100000000)
  eden space 133120K, 0% used [0x00000000e0000000,0x00000000e0000000,0x00000000e8200000)
  from space 5632K, 93% used [0x00000000e8700000,0x00000000e8c282b0,0x00000000e8c80000)
  to   space 18944K, 0% used [0x00000000e9480000,0x00000000e9480000,0x00000000ea700000)
 ParOldGen       total 84480K, used 45179K [0x00000000a0000000, 0x00000000a5280000, 0x00000000e0000000)
  object space 84480K, 53% used [0x00000000a0000000,0x00000000a2c1ef28,0x00000000a5280000)
 Metaspace       used 73050K, capacity 76214K, committed 76416K, reserved 1116160K
  class space    used 9602K, capacity 10289K, committed 10368K, reserved 1048576K
}
Event: 3690.119 GC heap before
{Heap before GC invocations=25 (full 3):
 PSYoungGen      total 138752K, used 138400K [0x00000000e0000000, 0x00000000ea700000, 0x0000000100000000)
  eden space 133120K, 100% used [0x00000000e0000000,0x00000000e8200000,0x00000000e8200000)
  from space 5632K, 93% used [0x00000000e8700000,0x00000000e8c282b0,0x00000000e8c80000)
  to   space 18944K, 0% used [0x00000000e9480000,0x00000000e9480000,0x00000000ea700000)
 ParOldGen       total 84480K, used 45179K [0x00000000a0000000, 0x00000000a5280000, 0x00000000e0000000)
  object space 84480K, 53% used [0x00000000a0000000,0x00000000a2c1ef28,0x00000000a5280000)
 Metaspace       used 73678K, capacity 76954K, committed 77184K, reserved 1116160K
  class space    used 9634K, capacity 10336K, committed 10368K, reserved 1048576K
Event: 3690.159 GC heap after
Heap after GC invocations=25 (full 3):
 PSYoungGen      total 142848K, used 1632K [0x00000000e0000000, 0x00000000ea280000, 0x0000000100000000)
  eden space 128512K, 0% used [0x00000000e0000000,0x00000000e0000000,0x00000000e7d80000)
  from space 14336K, 11% used [0x00000000e9480000,0x00000000e9618000,0x00000000ea280000)
  to   space 18944K, 0% used [0x00000000e7d80000,0x00000000e7d80000,0x00000000e9000000)
 ParOldGen       total 84480K, used 45187K [0x00000000a0000000, 0x00000000a5280000, 0x00000000e0000000)
  object space 84480K, 53% used [0x00000000a0000000,0x00000000a2c20f28,0x00000000a5280000)
 Metaspace       used 73678K, capacity 76954K, committed 77184K, reserved 1116160K
  class space    used 9634K, capacity 10336K, committed 10368K, reserved 1048576K
}

Deoptimization events (10 events):
Event: 3698.296 Thread 0x000000001d04f800 Uncommon trap: reason=class_check action=maybe_recompile pc=0x00000000049aed78 method=org.gradle.internal.component.model.ComponentAttributeMatcher$CachedQuery.of(Lorg/gradle/internal/component/model/AttributeSelectionSchema;Lorg/gradle/api/internal/attri
Event: 3698.446 Thread 0x000000001d04f800 Uncommon trap: reason=class_check action=maybe_recompile pc=0x00000000043a1594 method=com.google.common.collect.ImmutableList.hashCode()I @ 3
Event: 3698.451 Thread 0x000000001d04f800 Uncommon trap: reason=class_check action=maybe_recompile pc=0x00000000043a1594 method=com.google.common.collect.ImmutableList.hashCode()I @ 3
Event: 3698.452 Thread 0x000000001d04f800 Uncommon trap: reason=class_check action=maybe_recompile pc=0x00000000043a1594 method=com.google.common.collect.ImmutableList.hashCode()I @ 3
Event: 3698.452 Thread 0x000000001d04f800 Uncommon trap: reason=class_check action=maybe_recompile pc=0x00000000043a1594 method=com.google.common.collect.ImmutableList.hashCode()I @ 3
Event: 3698.766 Thread 0x000000001d04f800 Uncommon trap: reason=class_check action=maybe_recompile pc=0x0000000002de3f9c method=java.util.Collections$SetFromMap.add(Ljava/lang/Object;)Z @ 8
Event: 3698.806 Thread 0x000000001d04f800 Uncommon trap: reason=class_check action=maybe_recompile pc=0x0000000002b85054 method=java.util.Collections$SetFromMap.remove(Ljava/lang/Object;)Z @ 5
Event: 3698.809 Thread 0x000000001d04f800 Uncommon trap: reason=class_check action=maybe_recompile pc=0x0000000002de3f9c method=java.util.Collections$SetFromMap.add(Ljava/lang/Object;)Z @ 8
Event: 3698.811 Thread 0x000000001d04f800 Uncommon trap: reason=class_check action=maybe_recompile pc=0x0000000002b85054 method=java.util.Collections$SetFromMap.remove(Ljava/lang/Object;)Z @ 5
Event: 3698.860 Thread 0x000000001d04f800 Uncommon trap: reason=unstable_if action=reinterpret pc=0x000000000495c488 method=org.gradle.api.internal.artifacts.transform.TransformationStep.createInvocation(Lorg/gradle/api/internal/artifacts/transform/TransformationSubject;Lorg/gradle/api/internal/a

Classes redefined (0 events):
No events

Internal exceptions (10 events):
Event: 3691.448 Thread 0x000000001d053800 Exception <a 'java/lang/NoSuchMethodError': <clinit>> (0x00000000e0010020) thrown at [D:\src\AOSP-openjdk-cygwin\jdk8u\hotspot\src\share\vm\prims\jni.cpp, line 1614]
Event: 3691.449 Thread 0x000000001d053800 Exception <a 'java/lang/NoSuchMethodError': <clinit>> (0x00000000e1150a70) thrown at [D:\src\AOSP-openjdk-cygwin\jdk8u\hotspot\src\share\vm\prims\jni.cpp, line 1614]
Event: 3691.449 Thread 0x000000001d053800 Exception <a 'java/lang/NoSuchMethodError': <clinit>> (0x00000000e115adc0) thrown at [D:\src\AOSP-openjdk-cygwin\jdk8u\hotspot\src\share\vm\prims\jni.cpp, line 1614]
Event: 3691.450 Thread 0x000000001d053800 Exception <a 'java/lang/NoSuchMethodError': <clinit>> (0x00000000e1162e78) thrown at [D:\src\AOSP-openjdk-cygwin\jdk8u\hotspot\src\share\vm\prims\jni.cpp, line 1614]
Event: 3692.223 Thread 0x000000001d053800 Exception <a 'java/lang/NoSuchMethodError': <clinit>> (0x00000000e1431590) thrown at [D:\src\AOSP-openjdk-cygwin\jdk8u\hotspot\src\share\vm\prims\jni.cpp, line 1614]
Event: 3692.225 Thread 0x000000001d053800 Exception <a 'java/lang/NoSuchMethodError': <clinit>> (0x00000000e14491a0) thrown at [D:\src\AOSP-openjdk-cygwin\jdk8u\hotspot\src\share\vm\prims\jni.cpp, line 1614]
Event: 3692.225 Thread 0x000000001d053800 Exception <a 'java/lang/NoSuchMethodError': <clinit>> (0x00000000e144acb8) thrown at [D:\src\AOSP-openjdk-cygwin\jdk8u\hotspot\src\share\vm\prims\jni.cpp, line 1614]
Event: 3692.226 Thread 0x000000001d053800 Exception <a 'java/lang/NoSuchMethodError': <clinit>> (0x00000000e144cb48) thrown at [D:\src\AOSP-openjdk-cygwin\jdk8u\hotspot\src\share\vm\prims\jni.cpp, line 1614]
Event: 3692.234 Thread 0x000000001d053800 Exception <a 'java/lang/NoSuchMethodError': <clinit>> (0x00000000e14568a8) thrown at [D:\src\AOSP-openjdk-cygwin\jdk8u\hotspot\src\share\vm\prims\jni.cpp, line 1614]
Event: 3692.276 Thread 0x000000001d04f800 Exception <a 'sun/nio/fs/WindowsException'> (0x00000000e0fae020) thrown at [D:\src\AOSP-openjdk-cygwin\jdk8u\hotspot\src\share\vm\prims\jni.cpp, line 710]

Events (10 events):
Event: 3698.814 loading class org/gradle/api/internal/artifacts/transform/TransformationNode$InitialTransformationNode$1 done
Event: 3698.815 loading class org/gradle/api/internal/artifacts/transform/TransformationNode$ArtifactTransformationStepBuildOperation
Event: 3698.815 loading class org/gradle/api/internal/artifacts/transform/TransformationNode$ArtifactTransformationStepBuildOperation done
Event: 3698.851 loading class org/gradle/api/internal/artifacts/transform/ExecuteScheduledTransformationStepBuildOperationDetails
Event: 3698.851 loading class org/gradle/api/internal/artifacts/transform/ExecuteScheduledTransformationStepBuildOperationDetails done
Event: 3698.857 loading class org/gradle/api/internal/artifacts/transform/ExecuteScheduledTransformationStepBuildOperationType$Details
Event: 3698.857 loading class org/gradle/api/internal/artifacts/transform/ExecuteScheduledTransformationStepBuildOperationType$Details done
Event: 3698.860 Thread 0x000000001d04f800 Uncommon trap: trap_request=0xffffff65 fr.pc=0x000000000495c488
Event: 3698.860 Thread 0x000000001d04f800 DEOPT PACKING pc=0x000000000495c488 sp=0x00000000283fbed0
Event: 3698.860 Thread 0x000000001d04f800 DEOPT UNPACKING pc=0x00000000029b557b sp=0x00000000283fbe80 mode 2


Dynamic libraries:
0x00007ff7cc650000 - 0x00007ff7cc681000 	C:\Program Files\Android\Android Studio\jre\bin\java.exe
0x00007ff878b80000 - 0x00007ff878d6d000 	C:\WINDOWS\SYSTEM32\ntdll.dll
0x00007ff871410000 - 0x00007ff871423000 	C:\Program Files\AVG\Antivirus\aswhook.dll
0x00007ff875db0000 - 0x00007ff875e63000 	C:\WINDOWS\System32\KERNEL32.DLL
0x00007ff875590000 - 0x00007ff875823000 	C:\WINDOWS\System32\KERNELBASE.dll
0x00007ff878a70000 - 0x00007ff878b13000 	C:\WINDOWS\System32\ADVAPI32.dll
0x00007ff878460000 - 0x00007ff8784fe000 	C:\WINDOWS\System32\msvcrt.dll
0x00007ff878670000 - 0x00007ff87870e000 	C:\WINDOWS\System32\sechost.dll
0x00007ff8765f0000 - 0x00007ff876712000 	C:\WINDOWS\System32\RPCRT4.dll
0x00007ff8788d0000 - 0x00007ff878a67000 	C:\WINDOWS\System32\USER32.dll
0x00007ff875bb0000 - 0x00007ff875bd0000 	C:\WINDOWS\System32\win32u.dll
0x00007ff876560000 - 0x00007ff876589000 	C:\WINDOWS\System32\GDI32.dll
0x00007ff875a10000 - 0x00007ff875ba9000 	C:\WINDOWS\System32\gdi32full.dll
0x00007ff8754f0000 - 0x00007ff875590000 	C:\WINDOWS\System32\msvcp_win.dll
0x00007ff8753f0000 - 0x00007ff8754ea000 	C:\WINDOWS\System32\ucrtbase.dll
0x00007ff8631c0000 - 0x00007ff863439000 	C:\WINDOWS\WinSxS\amd64_microsoft.windows.common-controls_6595b64144ccf1df_6.0.17763.973_none_05b245900721eb81\COMCTL32.dll
0x00007ff876870000 - 0x00007ff876b9c000 	C:\WINDOWS\System32\combase.dll
0x00007ff875cb0000 - 0x00007ff875d2e000 	C:\WINDOWS\System32\bcryptPrimitives.dll
0x00007ff878b20000 - 0x00007ff878b4e000 	C:\WINDOWS\System32\IMM32.DLL
0x0000000062a90000 - 0x0000000062b62000 	C:\Program Files\Android\Android Studio\jre\jre\bin\msvcr100.dll
0x0000000062c50000 - 0x0000000063496000 	C:\Program Files\Android\Android Studio\jre\jre\bin\server\jvm.dll
0x00007ff875da0000 - 0x00007ff875da8000 	C:\WINDOWS\System32\PSAPI.DLL
0x00007ff866ba0000 - 0x00007ff866ba9000 	C:\WINDOWS\SYSTEM32\WSOCK32.dll
0x00007ff876800000 - 0x00007ff87686d000 	C:\WINDOWS\System32\WS2_32.dll
0x00007ff872780000 - 0x00007ff8727a4000 	C:\WINDOWS\SYSTEM32\WINMM.dll
0x00007ff86c1b0000 - 0x00007ff86c1ba000 	C:\WINDOWS\SYSTEM32\VERSION.dll
0x00007ff872750000 - 0x00007ff87277d000 	C:\WINDOWS\SYSTEM32\WINMMBASE.dll
0x00007ff875d50000 - 0x00007ff875d9a000 	C:\WINDOWS\System32\cfgmgr32.dll
0x00007ff868b70000 - 0x00007ff868b7f000 	C:\Program Files\Android\Android Studio\jre\jre\bin\verify.dll
0x00007ff8689c0000 - 0x00007ff8689e9000 	C:\Program Files\Android\Android Studio\jre\jre\bin\java.dll
0x00007ff867570000 - 0x00007ff867586000 	C:\Program Files\Android\Android Studio\jre\jre\bin\zip.dll
0x00007ff876e30000 - 0x00007ff878324000 	C:\WINDOWS\System32\SHELL32.dll
0x00007ff8764b0000 - 0x00007ff876558000 	C:\WINDOWS\System32\shcore.dll
0x00007ff874c40000 - 0x00007ff87538d000 	C:\WINDOWS\System32\windows.storage.dll
0x00007ff874b90000 - 0x00007ff874bb4000 	C:\WINDOWS\System32\profapi.dll
0x00007ff874bc0000 - 0x00007ff874c1d000 	C:\WINDOWS\System32\powrprof.dll
0x00007ff876590000 - 0x00007ff8765e2000 	C:\WINDOWS\System32\shlwapi.dll
0x00007ff874b70000 - 0x00007ff874b81000 	C:\WINDOWS\System32\kernel.appcore.dll
0x00007ff875d30000 - 0x00007ff875d47000 	C:\WINDOWS\System32\cryptsp.dll
0x00007ff867550000 - 0x00007ff86756a000 	C:\Program Files\Android\Android Studio\jre\jre\bin\net.dll
0x00007ff868150000 - 0x00007ff868327000 	C:\WINDOWS\SYSTEM32\urlmon.dll
0x00007ff8686c0000 - 0x00007ff868968000 	C:\WINDOWS\SYSTEM32\iertutil.dll
0x00007ff874550000 - 0x00007ff87455c000 	C:\WINDOWS\SYSTEM32\CRYPTBASE.DLL
0x00007ff874380000 - 0x00007ff8743e7000 	C:\WINDOWS\system32\mswsock.dll
0x00007ff85dae0000 - 0x00007ff85daf3000 	C:\Program Files\Android\Android Studio\jre\jre\bin\nio.dll
0x00007ff855850000 - 0x00007ff855876000 	C:\Users\basker\.gradle\native\30\windows-amd64\native-platform.dll
0x00007ff868b60000 - 0x00007ff868b6d000 	C:\Program Files\Android\Android Studio\jre\jre\bin\management.dll
0x00007ff873f00000 - 0x00007ff873f33000 	C:\WINDOWS\system32\rsaenh.dll
0x00007ff875bd0000 - 0x00007ff875bf6000 	C:\WINDOWS\System32\bcrypt.dll
0x00007ff874aa0000 - 0x00007ff874ac8000 	C:\WINDOWS\SYSTEM32\USERENV.dll
0x00007ff8740a0000 - 0x00007ff8740dd000 	C:\WINDOWS\SYSTEM32\IPHLPAPI.DLL
0x00007ff8767f0000 - 0x00007ff8767f8000 	C:\WINDOWS\System32\NSI.dll
0x00007ff86bfe0000 - 0x00007ff86bff6000 	C:\WINDOWS\SYSTEM32\dhcpcsvc6.DLL
0x00007ff86c590000 - 0x00007ff86c5ac000 	C:\WINDOWS\SYSTEM32\dhcpcsvc.DLL
0x00007ff8740e0000 - 0x00007ff8741a6000 	C:\WINDOWS\SYSTEM32\DNSAPI.dll

VM Arguments:
jvm_args: -Xmx1536m -Dfile.encoding=windows-1252 -Duser.country=US -Duser.language=en -Duser.variant 
java_command: org.gradle.launcher.daemon.bootstrap.GradleDaemon 5.6.4
java_class_path (initial): C:\Users\basker\.gradle\wrapper\dists\gradle-5.6.4-all\ankdp27end7byghfw1q2sw75f\gradle-5.6.4\lib\gradle-launcher-5.6.4.jar
Launcher Type: SUN_STANDARD

Environment Variables:
PATH=C:\Program Files (x86)\Common Files\Oracle\Java\javapath;C:\Program Files (x86)\NVIDIA Corporation\PhysX\Common;C:\Program Files (x86)\Intel\iCLS Client\;C:\Program Files\Intel\iCLS Client\;C:\WINDOWS\system32;C:\WINDOWS;C:\WINDOWS\System32\Wbem;C:\WINDOWS\System32\WindowsPowerShell\v1.0\;C:\Program Files\Intel\Intel(R) Management Engine Components\DAL;C:\Program Files\Intel\Intel(R) Management Engine Components\IPT;C:\Program Files (x86)\Intel\Intel(R) Management Engine Components\DAL;C:\Program Files (x86)\Intel\Intel(R) Management Engine Components\IPT;C:\Program Files (x86)\Intel\OpenCL SDK\2.0\bin\x86;C:\Program Files (x86)\Intel\OpenCL SDK\2.0\bin\x64;C:\Program Files\Lenovo\Bluetooth Software\;C:\Program Files\Lenovo\Bluetooth Software\syswow64;C:\WINDOWS\System32\OpenSSH\;C:\Program Files\nodejs\;C:\Users\basker\AppData\Local\Android\Sdk\platforms;C:\Users\basker\AppData\Local\Android\Sdk\platform-tools;C:\Users\basker\.gradle\wrapper\dists\gradle-5.6.4-all\ankdp27end7byghfw1q2sw75f\gradle-5.6.4\bin;C:\Program Files\Git\cmd;C:\Program Files\MySQL\MySQL Shell 8.0\bin\;C:\Users\basker\AppData\Local\Microsoft\WindowsApps;C:\Users\basker\AppData\Roaming\npm;C:\Users\basker\AppData\Local\Programs\Microsoft VS Code\bin;C:\Users\basker\.gradle\wrapper\dists\gradle-5.6.4-all\ankdp27end7byghfw1q2sw75f\gradle-5.6.4\bin;
USERNAME=basker
OS=Windows_NT
PROCESSOR_IDENTIFIER=Intel64 Family 6 Model 58 Stepping 9, GenuineIntel



---------------  S Y S T E M  ---------------

OS: Windows 10.0 , 64 bit Build 17763 (10.0.17763.475)

CPU:total 4 (initial active 4) (2 cores per cpu, 2 threads per core) family 6 model 58 stepping 9, cmov, cx8, fxsr, mmx, sse, sse2, sse3, ssse3, sse4.1, sse4.2, popcnt, avx, aes, clmul, erms, ht, tsc, tscinvbit, tscinv

Memory: 4k page, physical 4056852k(432548k free), swap 5481236k(2120k free)

vm_info: OpenJDK 64-Bit Server VM (25.212-b04) for windows-amd64 JRE (1.8.0_212-release-1586-b04), built by "builder" with MS VC++ 10.0 (VS2010)

time: Wed May 27 17:47:45 2020
timezone: India Standard Time
elapsed time: 3699 seconds (0d 1h 1m 39s)

